<?xml version="1.0" encoding="UTF-8" ?>
<testsuite tests="21" failures="0" name="com.uclm.BC01_ISO_II_ejercTeorico2.TestEjer2" time="0.029" errors="0" skipped="0">
  <properties>
    <property name="jansi.mode" value="strip"/>
    <property name="java.runtime.name" value="Java(TM) SE Runtime Environment"/>
    <property name="sun.boot.library.path" value="C:\Program Files\Java\jdk1.8.0_301\jre\bin"/>
    <property name="java.vm.version" value="25.301-b09"/>
    <property name="java.vm.vendor" value="Oracle Corporation"/>
    <property name="maven.multiModuleProjectDirectory" value="C:\Users\david\eclipse-workspace\BC01_ISO_II_ejercTeorico2"/>
    <property name="java.vendor.url" value="http://java.oracle.com/"/>
    <property name="path.separator" value=";"/>
    <property name="guice.disable.misplaced.annotation.check" value="true"/>
    <property name="java.vm.name" value="Java HotSpot(TM) 64-Bit Server VM"/>
    <property name="file.encoding.pkg" value="sun.io"/>
    <property name="user.script" value=""/>
    <property name="user.country" value="ES"/>
    <property name="sun.java.launcher" value="SUN_STANDARD"/>
    <property name="sun.os.patch.level" value=""/>
    <property name="java.vm.specification.name" value="Java Virtual Machine Specification"/>
    <property name="user.dir" value="C:\Users\david\eclipse-workspace\BC01_ISO_II_ejercTeorico2"/>
    <property name="java.runtime.version" value="1.8.0_301-b09"/>
    <property name="java.awt.graphicsenv" value="sun.awt.Win32GraphicsEnvironment"/>
    <property name="java.endorsed.dirs" value="C:\Program Files\Java\jdk1.8.0_301\jre\lib\endorsed"/>
    <property name="os.arch" value="amd64"/>
    <property name="java.io.tmpdir" value="C:\Users\david\AppData\Local\Temp\"/>
    <property name="line.separator" value="
"/>
    <property name="java.vm.specification.vendor" value="Oracle Corporation"/>
    <property name="user.variant" value=""/>
    <property name="os.name" value="Windows 10"/>
    <property name="classworlds.conf" value="C:\Users\david\eclipse-workspace\.metadata\.plugins\org.eclipse.m2e.launching\launches\m2conf585309303603027169.tmp"/>
    <property name="sun.jnu.encoding" value="Cp1252"/>
    <property name="java.library.path" value="C:\Program Files\Java\jdk1.8.0_301\bin;C:\WINDOWS\Sun\Java\bin;C:\WINDOWS\system32;C:\WINDOWS;C:/Users/david/.p2/pool/plugins/org.eclipse.justj.openjdk.hotspot.jre.full.win32.x86_64_16.0.2.v20210721-1149/jre/bin/server;C:/Users/david/.p2/pool/plugins/org.eclipse.justj.openjdk.hotspot.jre.full.win32.x86_64_16.0.2.v20210721-1149/jre/bin;C:\Program Files\Eclipse Foundation\jdk-11.0.12.7-hotspot\bin;C:\Program Files (x86)\Common Files\Oracle\Java\javapath;C:\Program Files (x86)\Intel\iCLS Client\;C:\Program Files\Intel\iCLS Client\;C:\WINDOWS\system32;C:\WINDOWS;C:\WINDOWS\System32\Wbem;C:\WINDOWS\System32\WindowsPowerShell\v1.0\;C:\Program Files (x86)\Intel\Intel(R) Management Engine Components\DAL;C:\Program Files\Intel\Intel(R) Management Engine Components\DAL;C:\Program Files (x86)\Intel\Intel(R) Management Engine Components\IPT;C:\Program Files\Intel\Intel(R) Management Engine Components\IPT;C:\WINDOWS\System32\OpenSSH\;C:\Program Files\dotnet\;C:\Program Files\Git\cmd;C:\apache-maven-3.8.4-bin\apache-maven-3.8.4\bin;C:\Users\david\AppData\Local\Programs\Microsoft VS Code\bin;C:\Users\david\Desktop;;."/>
    <property name="java.specification.name" value="Java Platform API Specification"/>
    <property name="java.class.version" value="52.0"/>
    <property name="sun.management.compiler" value="HotSpot 64-Bit Tiered Compilers"/>
    <property name="os.version" value="10.0"/>
    <property name="user.home" value="C:\Users\david"/>
    <property name="user.timezone" value="Europe/Paris"/>
    <property name="java.awt.printerjob" value="sun.awt.windows.WPrinterJob"/>
    <property name="java.specification.version" value="1.8"/>
    <property name="file.encoding" value="Cp1252"/>
    <property name="user.name" value="david"/>
    <property name="java.class.path" value="C:\Users\david\Downloads\apache-maven-3.8.3\apache-maven-3.8.3\boot\plexus-classworlds-2.6.0.jar"/>
    <property name="java.vm.specification.version" value="1.8"/>
    <property name="sun.arch.data.model" value="64"/>
    <property name="java.home" value="C:\Program Files\Java\jdk1.8.0_301\jre"/>
    <property name="sun.java.command" value="org.codehaus.plexus.classworlds.launcher.Launcher -B site:site"/>
    <property name="java.specification.vendor" value="Oracle Corporation"/>
    <property name="user.language" value="es"/>
    <property name="awt.toolkit" value="sun.awt.windows.WToolkit"/>
    <property name="java.vm.info" value="mixed mode"/>
    <property name="java.version" value="1.8.0_301"/>
    <property name="java.ext.dirs" value="C:\Program Files\Java\jdk1.8.0_301\jre\lib\ext;C:\WINDOWS\Sun\Java\lib\ext"/>
    <property name="sun.boot.class.path" value="C:\Program Files\Java\jdk1.8.0_301\jre\lib\resources.jar;C:\Program Files\Java\jdk1.8.0_301\jre\lib\rt.jar;C:\Program Files\Java\jdk1.8.0_301\jre\lib\sunrsasign.jar;C:\Program Files\Java\jdk1.8.0_301\jre\lib\jsse.jar;C:\Program Files\Java\jdk1.8.0_301\jre\lib\jce.jar;C:\Program Files\Java\jdk1.8.0_301\jre\lib\charsets.jar;C:\Program Files\Java\jdk1.8.0_301\jre\lib\jfr.jar;C:\Program Files\Java\jdk1.8.0_301\jre\classes"/>
    <property name="java.vendor" value="Oracle Corporation"/>
    <property name="maven.home" value="C:\Users\david\Downloads\apache-maven-3.8.3\apache-maven-3.8.3"/>
    <property name="file.separator" value="\"/>
    <property name="java.vendor.url.bug" value="http://bugreport.sun.com/bugreport/"/>
    <property name="sun.cpu.endian" value="little"/>
    <property name="sun.io.unicode.encoding" value="UnicodeLittle"/>
    <property name="sun.desktop" value="windows"/>
    <property name="sun.cpu.isalist" value="amd64"/>
  </properties>
  <testcase classname="com.uclm.BC01_ISO_II_ejercTeorico2.TestEjer2" name="testCalcularPrecio1" time="0.026"/>
  <testcase classname="com.uclm.BC01_ISO_II_ejercTeorico2.TestEjer2" name="testCalcularPrecio2" time="0"/>
  <testcase classname="com.uclm.BC01_ISO_II_ejercTeorico2.TestEjer2" name="testCalcularPrecio3" time="0"/>
  <testcase classname="com.uclm.BC01_ISO_II_ejercTeorico2.TestEjer2" name="testCalcularPrecio4" time="0"/>
  <testcase classname="com.uclm.BC01_ISO_II_ejercTeorico2.TestEjer2" name="testCalcularPrecio5" time="0"/>
  <testcase classname="com.uclm.BC01_ISO_II_ejercTeorico2.TestEjer2" name="testCalcularPrecio6" time="0"/>
  <testcase classname="com.uclm.BC01_ISO_II_ejercTeorico2.TestEjer2" name="testCalcularPrecio7" time="0"/>
  <testcase classname="com.uclm.BC01_ISO_II_ejercTeorico2.TestEjer2" name="testCalcularPrecio8" time="0"/>
  <testcase classname="com.uclm.BC01_ISO_II_ejercTeorico2.TestEjer2" name="testCalcularPrecio9" time="0.001"/>
  <testcase classname="com.uclm.BC01_ISO_II_ejercTeorico2.TestEjer2" name="testCalcularPrecio10" time="0"/>
  <testcase classname="com.uclm.BC01_ISO_II_ejercTeorico2.TestEjer2" name="testCalcularPrecio11" time="0"/>
  <testcase classname="com.uclm.BC01_ISO_II_ejercTeorico2.TestEjer2" name="testCalcularPrecio12" time="0"/>
  <testcase classname="com.uclm.BC01_ISO_II_ejercTeorico2.TestEjer2" name="testCalcularPrecio13" time="0"/>
  <testcase classname="com.uclm.BC01_ISO_II_ejercTeorico2.TestEjer2" name="testCalcularPrecio14" time="0"/>
  <testcase classname="com.uclm.BC01_ISO_II_ejercTeorico2.TestEjer2" name="testCalcularPrecio15" time="0"/>
  <testcase classname="com.uclm.BC01_ISO_II_ejercTeorico2.TestEjer2" name="testCalcularPrecio16" time="0"/>
  <testcase classname="com.uclm.BC01_ISO_II_ejercTeorico2.TestEjer2" name="testCalcularPrecio17" time="0.001"/>
  <testcase classname="com.uclm.BC01_ISO_II_ejercTeorico2.TestEjer2" name="testCalcularPrecio18" time="0"/>
  <testcase classname="com.uclm.BC01_ISO_II_ejercTeorico2.TestEjer2" name="testCalcularPrecio19" time="0"/>
  <testcase classname="com.uclm.BC01_ISO_II_ejercTeorico2.TestEjer2" name="testCalcularPrecio20" time="0"/>
  <testcase classname="com.uclm.BC01_ISO_II_ejercTeorico2.TestEjer2" name="testCalcularPrecio21" time="0.001"/>
</testsuite>